<?xml version="1.0" encoding="UTF-8"?>
<!-- Generated by org.testng.reporters.JUnitReportReporter -->
<testsuite hostname="DESKTOP-7BLQGK5" failures="0" tests="1" name="ResponseValidation.StaticResponseValidation" time="3.621" errors="0" timestamp="2022-08-09T21:30:22 IST" skipped="0">
  <testcase classname="ResponseValidation.StaticResponseValidation" name="staticResponseValidation" time="3.621"/>
  <system-out/>
</testsuite> <!-- ResponseValidation.StaticResponseValidation -->
