<?xml version="1.0" encoding="UTF-8"?>
<!-- Generated by org.testng.reporters.JUnitReportReporter -->
<testsuite skipped="0" hostname="DESKTOP-IH4C39S" name="SerializationDeserialization.SerializationStateDetails" tests="1" failures="0" timestamp="2022-07-29T07:17:22 IST" time="0.307" errors="0">
  <testcase name="SerializationStateDetailsTest" time="0.307" classname="SerializationDeserialization.SerializationStateDetails"/>
  <system-out/>
</testsuite> <!-- SerializationDeserialization.SerializationStateDetails -->
