<?xml version="1.0" encoding="UTF-8"?>
<!-- Generated by org.testng.reporters.JUnitReportReporter -->
<testsuite hostname="DESKTOP-7BLQGK5" failures="0" tests="1" name="BasicCRUDoperations.GetAllProjectTest" time="3.132" errors="0" timestamp="2022-08-09T21:27:14 IST" skipped="0">
  <testcase classname="BasicCRUDoperations.GetAllProjectTest" name="getAllProjectTest" time="3.132"/>
  <system-out/>
</testsuite> <!-- BasicCRUDoperations.GetAllProjectTest -->
