<?xml version="1.0" encoding="UTF-8"?>
<!-- Generated by org.testng.reporters.JUnitReportReporter -->
<testsuite hostname="DESKTOP-7BLQGK5" failures="0" tests="1" name="Parameterization.ParametersTestForGIt" time="4.364" errors="0" timestamp="2022-08-10T14:52:44 IST" skipped="0">
  <testcase classname="Parameterization.ParametersTestForGIt" name="parametersTest" time="4.364"/>
  <system-out/>
</testsuite> <!-- Parameterization.ParametersTestForGIt -->
