<?xml version="1.0" encoding="UTF-8"?>
<!-- Generated by org.testng.reporters.JUnitReportReporter -->
<testsuite hostname="DESKTOP-7BLQGK5" failures="0" tests="1" name="BasicCRUDoperationsPratice.Oauth2_Post" time="4.349" errors="0" timestamp="2022-08-08T11:37:51 IST" skipped="0">
  <testcase classname="BasicCRUDoperationsPratice.Oauth2_Post" name="oauth2_Post" time="4.349"/>
  <system-out/>
</testsuite> <!-- BasicCRUDoperationsPratice.Oauth2_Post -->
