<?xml version="1.0" encoding="UTF-8"?>
<!-- Generated by org.testng.reporters.JUnitReportReporter -->
<testsuite skipped="0" hostname="DESKTOP-IH4C39S" name="SerializationDeserialization.serializationEmpWithArrayOfObject" tests="1" failures="0" timestamp="2022-07-28T16:35:20 IST" time="0.307" errors="0">
  <testcase name="serializeEmpWithArrayOfObjectTest" time="0.307" classname="SerializationDeserialization.serializationEmpWithArrayOfObject"/>
  <system-out/>
</testsuite> <!-- SerializationDeserialization.serializationEmpWithArrayOfObject -->
