<?xml version="1.0" encoding="UTF-8"?>
<!-- Generated by org.testng.reporters.JUnitReportReporter -->
<testsuite hostname="DESKTOP-7BLQGK5" failures="0" tests="1" name="BasicCRUDoperations.CreateProjectTest" time="4.373" errors="0" timestamp="2022-08-08T16:18:34 IST" skipped="0">
  <testcase classname="BasicCRUDoperations.CreateProjectTest" name="createProjectTest" time="4.373"/>
  <system-out/>
</testsuite> <!-- BasicCRUDoperations.CreateProjectTest -->
