<?xml version="1.0" encoding="UTF-8"?>
<!-- Generated by org.testng.reporters.JUnitReportReporter -->
<testsuite hostname="DESKTOP-7BLQGK5" failures="0" tests="1" name="Authentication.BasicAuth" time="2.780" errors="0" timestamp="2022-08-10T13:21:23 IST" skipped="0">
  <testcase classname="Authentication.BasicAuth" name="basicAuth" time="2.780"/>
  <system-out/>
</testsuite> <!-- Authentication.BasicAuth -->
