<?xml version="1.0" encoding="UTF-8"?>
<!-- Generated by org.testng.reporters.JUnitReportReporter -->
<testsuite hostname="DESKTOP-7BLQGK5" failures="0" tests="1" name="RequestChaining.CreateGetAndDeleteProject" time="5.381" errors="0" timestamp="2022-08-10T11:55:18 IST" skipped="0">
  <testcase classname="RequestChaining.CreateGetAndDeleteProject" name="createGetAndDeleteProject" time="5.381"/>
  <system-out/>
</testsuite> <!-- RequestChaining.CreateGetAndDeleteProject -->
