<?xml version="1.0" encoding="UTF-8"?>
<!-- Generated by org.testng.reporters.JUnitReportReporter -->
<testsuite hostname="DESKTOP-7BLQGK5" failures="0" tests="1" name="BasicCRUDoperations.GetSingleProjectTest" time="2.622" errors="0" timestamp="2022-08-08T16:30:28 IST" skipped="0">
  <testcase classname="BasicCRUDoperations.GetSingleProjectTest" name="getSingleProjectTest" time="2.622"/>
  <system-out/>
</testsuite> <!-- BasicCRUDoperations.GetSingleProjectTest -->
