<?xml version="1.0" encoding="UTF-8"?>
<!-- Generated by org.testng.reporters.JUnitReportReporter -->
<testsuite skipped="0" hostname="DESKTOP-IH4C39S" name="SerializationDeserialization.SerializationEmployeeDetailsWithArray" tests="1" failures="0" timestamp="2022-07-28T21:04:28 IST" time="0.356" errors="0">
  <testcase name="serializeEmployeeDetailsWithArray" time="0.356" classname="SerializationDeserialization.SerializationEmployeeDetailsWithArray"/>
  <system-out/>
</testsuite> <!-- SerializationDeserialization.SerializationEmployeeDetailsWithArray -->
