<?xml version="1.0" encoding="UTF-8"?>
<!-- Generated by org.testng.reporters.JUnitReportReporter -->
<testsuite hostname="DESKTOP-7BLQGK5" failures="0" tests="1" name="BasicCRUDoperationsPratice.PetComplexRequest" time="5.588" errors="0" timestamp="2022-08-09T15:22:03 IST" skipped="0">
  <testcase classname="BasicCRUDoperationsPratice.PetComplexRequest" name="petComplexRequest" time="5.588"/>
  <system-out/>
</testsuite> <!-- BasicCRUDoperationsPratice.PetComplexRequest -->
