<?xml version="1.0" encoding="UTF-8"?>
<!-- Generated by org.testng.reporters.JUnitReportReporter -->
<testsuite skipped="0" hostname="DESKTOP-IH4C39S" name="SerializationDeserialization.DeserializationStateDetails" tests="1" failures="0" timestamp="2022-07-29T07:55:40 IST" time="0.356" errors="0">
  <testcase name="deserializationStateDetailsTest" time="0.356" classname="SerializationDeserialization.DeserializationStateDetails"/>
  <system-out/>
</testsuite> <!-- SerializationDeserialization.DeserializationStateDetails -->
