<?xml version="1.0" encoding="UTF-8"?>
<!-- Generated by org.testng.reporters.JUnitReportReporter -->
<testsuite hostname="DESKTOP-7BLQGK5" failures="0" tests="1" name="BasicCRUDoperationsPratice.GetProjectByUsingPathParameterTest" time="2.772" errors="0" timestamp="2022-08-07T21:36:33 IST" skipped="0">
  <testcase classname="BasicCRUDoperationsPratice.GetProjectByUsingPathParameterTest" name="getProjectByUsingPathParameterTest" time="2.772"/>
  <system-out/>
</testsuite> <!-- BasicCRUDoperationsPratice.GetProjectByUsingPathParameterTest -->
