<?xml version="1.0" encoding="UTF-8"?>
<!-- Generated by org.testng.reporters.JUnitReportReporter -->
<testsuite skipped="0" hostname="DESKTOP-IH4C39S" name="SerializationDeserialization.DeserializeEmpWithArrayOfObject" tests="1" failures="0" timestamp="2022-07-28T16:43:12 IST" time="0.392" errors="0">
  <testcase name="deserializeEmpWithArrayOfObject" time="0.392" classname="SerializationDeserialization.DeserializeEmpWithArrayOfObject"/>
  <system-out/>
</testsuite> <!-- SerializationDeserialization.DeserializeEmpWithArrayOfObject -->
