<?xml version="1.0" encoding="UTF-8"?>
<!-- Generated by org.testng.reporters.JUnitReportReporter -->
<testsuite hostname="DESKTOP-7BLQGK5" failures="0" tests="1" name="BasicCRUDoperations.DeleteProjectTest" time="2.698" errors="0" timestamp="2022-08-08T16:24:55 IST" skipped="0">
  <testcase classname="BasicCRUDoperations.DeleteProjectTest" name="deleteProjectTest" time="2.698"/>
  <system-out/>
</testsuite> <!-- BasicCRUDoperations.DeleteProjectTest -->
