<?xml version="1.0" encoding="UTF-8"?>
<!-- Generated by org.testng.reporters.JUnitReportReporter -->
<testsuite hostname="DESKTOP-7BLQGK5" failures="0" tests="1" name="BasicCRUDoperationsPratice.Oauth2" time="3.795" errors="0" timestamp="2022-08-08T10:59:51 IST" skipped="0">
  <testcase classname="BasicCRUDoperationsPratice.Oauth2" name="oauth2" time="3.795"/>
  <system-out/>
</testsuite> <!-- BasicCRUDoperationsPratice.Oauth2 -->
