<?xml version="1.0" encoding="UTF-8"?>
<!-- Generated by org.testng.reporters.JUnitReportReporter -->
<testsuite skipped="0" hostname="DESKTOP-IH4C39S" name="SerializationDeserialization.SerializationEmployeeDetails" tests="1" failures="0" timestamp="2022-07-28T13:14:34 IST" time="0.688" errors="0">
  <testcase name="serializationEmpDetailsTest" time="0.688" classname="SerializationDeserialization.SerializationEmployeeDetails"/>
  <system-out/>
</testsuite> <!-- SerializationDeserialization.SerializationEmployeeDetails -->
