<?xml version="1.0" encoding="UTF-8"?>
<!-- Generated by org.testng.reporters.JUnitReportReporter -->
<testsuite hostname="DESKTOP-7BLQGK5" failures="0" tests="4" name="DataDrivenTesting.CreateMultipleProjectWithDiffData" time="5.908" errors="0" timestamp="2022-08-10T10:16:38 IST" skipped="0">
  <testcase classname="DataDrivenTesting.CreateMultipleProjectWithDiffData" name="createMultipleProjectWithDiffData" time="0.076"/>
  <system-out/>
  <testcase classname="DataDrivenTesting.CreateMultipleProjectWithDiffData" name="createMultipleProjectWithDiffData" time="0.105"/>
  <system-out/>
  <testcase classname="DataDrivenTesting.CreateMultipleProjectWithDiffData" name="createMultipleProjectWithDiffData" time="5.561"/>
  <system-out/>
  <testcase classname="DataDrivenTesting.CreateMultipleProjectWithDiffData" name="createMultipleProjectWithDiffData" time="0.166"/>
  <system-out/>
</testsuite> <!-- DataDrivenTesting.CreateMultipleProjectWithDiffData -->
