<?xml version="1.0" encoding="UTF-8"?>
<!-- Generated by org.testng.reporters.JUnitReportReporter -->
<testsuite hostname="DESKTOP-7BLQGK5" failures="0" tests="1" name="BasicCRUDoperations.UpdateProjectTest" time="3.232" errors="0" timestamp="2022-08-08T16:33:08 IST" skipped="0">
  <testcase classname="BasicCRUDoperations.UpdateProjectTest" name="updateProjectTest" time="3.232"/>
  <system-out/>
</testsuite> <!-- BasicCRUDoperations.UpdateProjectTest -->
