<?xml version="1.0" encoding="UTF-8"?>
<!-- Generated by org.testng.reporters.JUnitReportReporter -->
<testsuite hostname="DESKTOP-7BLQGK5" failures="0" tests="1" name="Parameterization.QueryParam" time="11.226" errors="0" timestamp="2022-08-10T11:34:50 IST" skipped="0">
  <testcase classname="Parameterization.QueryParam" name="queryParam" time="11.226"/>
  <system-out/>
</testsuite> <!-- Parameterization.QueryParam -->
