<?xml version="1.0" encoding="UTF-8"?>
<!-- Generated by org.testng.reporters.JUnitReportReporter -->
<testsuite hostname="DESKTOP-7BLQGK5" failures="0" tests="1" name="DifferentWaysToPOSTaRequest.CreateProjectWithPOJO" time="3.776" errors="0" timestamp="2022-08-09T13:00:39 IST" skipped="0">
  <testcase classname="DifferentWaysToPOSTaRequest.CreateProjectWithPOJO" name="createProjectWithPOJO" time="3.776"/>
  <system-out/>
</testsuite> <!-- DifferentWaysToPOSTaRequest.CreateProjectWithPOJO -->
