<?xml version="1.0" encoding="UTF-8"?>
<!-- Generated by org.testng.reporters.JUnitReportReporter -->
<testsuite skipped="0" hostname="DESKTOP-IH4C39S" name="SerializationDeserialization.DeserializationEmployeeDetails" tests="1" failures="0" timestamp="2022-07-28T15:13:18 IST" time="0.296" errors="0">
  <testcase name="deserializeEmpDetailsTest" time="0.296" classname="SerializationDeserialization.DeserializationEmployeeDetails"/>
  <system-out/>
</testsuite> <!-- SerializationDeserialization.DeserializationEmployeeDetails -->
