<?xml version="1.0" encoding="UTF-8"?>
<!-- Generated by org.testng.reporters.JUnitReportReporter -->
<testsuite hostname="DESKTOP-7BLQGK5" failures="0" tests="1" name="Parameterization.PathParameter" time="2.866" errors="0" timestamp="2022-08-10T11:28:28 IST" skipped="0">
  <testcase classname="Parameterization.PathParameter" name="pathParameter" time="2.866"/>
  <system-out/>
</testsuite> <!-- Parameterization.PathParameter -->
