<?xml version="1.0" encoding="UTF-8"?>
<!-- Generated by org.testng.reporters.JUnitReportReporter -->
<testsuite hostname="DESKTOP-7BLQGK5" failures="0" tests="1" name="DifferentWaysToPOSTaRequest.CreateProjectWithJSONFile" time="2.920" errors="0" timestamp="2022-08-09T13:02:00 IST" skipped="0">
  <testcase classname="DifferentWaysToPOSTaRequest.CreateProjectWithJSONFile" name="createProjectWithJSONFile" time="2.920"/>
  <system-out/>
</testsuite> <!-- DifferentWaysToPOSTaRequest.CreateProjectWithJSONFile -->
