<?xml version="1.0" encoding="UTF-8"?>
<!-- Generated by org.testng.reporters.JUnitReportReporter -->
<testsuite hostname="DESKTOP-7BLQGK5" failures="0" tests="1" name="BasicCRUDoperationsPratice.CreatetheProjectWithExistingProjectId" time="3.890" errors="0" timestamp="2022-08-08T23:05:00 IST" skipped="0">
  <testcase classname="BasicCRUDoperationsPratice.CreatetheProjectWithExistingProjectId" name="createtheProjectWithExistingProjectId" time="3.890"/>
  <system-out/>
</testsuite> <!-- BasicCRUDoperationsPratice.CreatetheProjectWithExistingProjectId -->
