<?xml version="1.0" encoding="UTF-8"?>
<!-- Generated by org.testng.reporters.JUnitReportReporter -->
<testsuite hostname="DESKTOP-7BLQGK5" failures="0" tests="1" name="BasicCRUDoperationsPratice.CreatetheprojectwithXMLFormateTest" time="3.413" errors="0" timestamp="2022-08-08T12:41:53 IST" skipped="0">
  <testcase classname="BasicCRUDoperationsPratice.CreatetheprojectwithXMLFormateTest" name="createtheprojectwithTextFormate" time="3.413"/>
  <system-out/>
</testsuite> <!-- BasicCRUDoperationsPratice.CreatetheprojectwithXMLFormateTest -->
