<?xml version="1.0" encoding="UTF-8"?>
<!-- Generated by org.testng.reporters.JUnitReportReporter -->
<testsuite hostname="DESKTOP-7BLQGK5" failures="0" tests="1" name="BasicCRUDoperationsPratice.LoginRMGYantrawithAuthentication" time="5.184" errors="0" timestamp="2022-08-08T15:15:17 IST" skipped="0">
  <testcase classname="BasicCRUDoperationsPratice.LoginRMGYantrawithAuthentication" name="loginRMGYantrawithAuthentication" time="5.184"/>
  <system-out/>
</testsuite> <!-- BasicCRUDoperationsPratice.LoginRMGYantrawithAuthentication -->
