<?xml version="1.0" encoding="UTF-8"?>
<!-- Generated by org.testng.reporters.JUnitReportReporter -->
<testsuite skipped="0" hostname="DESKTOP-IH4C39S" name="SerializationDeserialization.DeserializationEmployeeDetailsWithArray" tests="1" failures="0" timestamp="2022-07-28T16:11:25 IST" time="0.419" errors="0">
  <testcase name="deserializeEmpDetailsWithrray" time="0.419" classname="SerializationDeserialization.DeserializationEmployeeDetailsWithArray"/>
  <system-out/>
</testsuite> <!-- SerializationDeserialization.DeserializationEmployeeDetailsWithArray -->
