<?xml version="1.0" encoding="UTF-8"?>
<!-- Generated by org.testng.reporters.JUnitReportReporter -->
<testsuite hostname="DESKTOP-7BLQGK5" failures="0" tests="1" name="DifferentWaysToPOSTaRequest.CreateProjectWithHashMap" time="12.062" errors="0" timestamp="2022-08-09T20:30:25 IST" skipped="0">
  <testcase classname="DifferentWaysToPOSTaRequest.CreateProjectWithHashMap" name="createProjectWithHashMap" time="12.062"/>
  <system-out/>
</testsuite> <!-- DifferentWaysToPOSTaRequest.CreateProjectWithHashMap -->
