<?xml version="1.0" encoding="UTF-8"?>
<!-- Generated by org.testng.reporters.JUnitReportReporter -->
<testsuite hostname="DESKTOP-7BLQGK5" failures="0" tests="1" name="BasicCRUDoperationsPratice.CreatetheprojectwithTextFormate" time="3.369" errors="0" timestamp="2022-08-07T21:25:54 IST" skipped="0">
  <testcase classname="BasicCRUDoperationsPratice.CreatetheprojectwithTextFormate" name="createtheprojectwithTextFormate" time="3.369"/>
  <system-out/>
</testsuite> <!-- BasicCRUDoperationsPratice.CreatetheprojectwithTextFormate -->
