<?xml version="1.0" encoding="UTF-8"?>
<!-- Generated by org.testng.reporters.JUnitReportReporter -->
<testsuite hostname="DESKTOP-7BLQGK5" failures="0" tests="1" name="ResponseValidation.ResponseTimeValidation" time="2.904" errors="0" timestamp="2022-08-09T22:33:55 IST" skipped="0">
  <testcase classname="ResponseValidation.ResponseTimeValidation" name="responseTimeValidation" time="2.904"/>
  <system-out/>
</testsuite> <!-- ResponseValidation.ResponseTimeValidation -->
