<?xml version="1.0" encoding="UTF-8"?>
<!-- Generated by org.testng.reporters.JUnitReportReporter -->
<testsuite hostname="DESKTOP-7BLQGK5" failures="0" tests="1" name="BasicCRUDoperationsPratice.UpdateTheProjectByUsingpathParameterTest" time="3.717" errors="0" timestamp="2022-08-08T11:53:25 IST" skipped="0">
  <testcase classname="BasicCRUDoperationsPratice.UpdateTheProjectByUsingpathParameterTest" name="updateTheProjectByUsingpathParameterTest" time="3.717"/>
  <system-out/>
</testsuite> <!-- BasicCRUDoperationsPratice.UpdateTheProjectByUsingpathParameterTest -->
