<?xml version="1.0" encoding="UTF-8"?>
<!-- Generated by org.testng.reporters.JUnitReportReporter -->
<testsuite hostname="DESKTOP-7BLQGK5" failures="0" tests="1" name="DifferentWaysToPOSTaRequest.CreateProjectWithJSONObject" time="3.638" errors="0" timestamp="2022-08-09T13:20:18 IST" skipped="0">
  <testcase classname="DifferentWaysToPOSTaRequest.CreateProjectWithJSONObject" name="createProjectWithJSONObject" time="3.638"/>
  <system-out/>
</testsuite> <!-- DifferentWaysToPOSTaRequest.CreateProjectWithJSONObject -->
